   Compiling snn v0.1.0 (/home/matteo/Documents/GitHub/snn)
warning: unused import: `libm::exp`
 --> src/components/neural_network.rs:5:5
  |
5 | use libm::exp;
  |     ^^^^^^^^^
  |
  = note: `#[warn(unused_imports)]` on by default

warning: unused variable: `e`
  --> src/components/output.rs:64:25
   |
64 |                     Err(e) => break,
   |                         ^ help: if this is intentional, prefix it with an underscore: `_e`
   |
   = note: `#[warn(unused_variables)]` on by default

warning: associated function `from_file` is never used
  --> src/components/input.rs:25:12
   |
25 |     pub fn from_file(filename: &str) -> Result<Self, std::io::Error> {
   |            ^^^^^^^^^
   |
   = note: `#[warn(dead_code)]` on by default

warning: associated function `from_files` is never used
  --> src/components/input_layer.rs:68:12
   |
68 |     pub fn from_files(filenames: &[&str]) -> Self {
   |            ^^^^^^^^^^

warning: associated function `to_string` is never used
   --> src/components/input_layer.rs:107:12
    |
107 |     pub fn to_string(&self) -> String {
    |            ^^^^^^^^^

warning: associated function `to_string` is never used
   --> src/components/neural_network.rs:224:12
    |
224 |     pub fn to_string(&self) -> String {
    |            ^^^^^^^^^

warning: field `name` is never read
  --> src/components/neuron.rs:32:5
   |
11 | pub struct Neuron {
   |            ------ field in this struct
...
32 |     name: String,
   |     ^^^^

warning: associated function `to_string` is never used
   --> src/components/neuron.rs:167:12
    |
167 |     pub fn to_string(&self) -> String {
    |            ^^^^^^^^^

warning: fields `filename` and `outputs` are never read
  --> src/components/output.rs:11:5
   |
7  | pub struct OutputMonitor {
   |            ------------- fields in this struct
...
11 |     filename: String,
   |     ^^^^^^^^
...
15 |     outputs: Vec<i8>,
   |     ^^^^^^^

warning: method `from_JSON` should have a snake case name
  --> src/components/neural_network.rs:80:12
   |
80 |     pub fn from_JSON(path: &str)->NeuralNetwork{
   |            ^^^^^^^^^ help: convert the identifier to snake case: `from_json`
   |
   = note: `#[warn(non_snake_case)]` on by default

warning: unused `Result` that must be used
   --> src/components/neural_network.rs:139:9
    |
139 |         tid_output.join();
    |         ^^^^^^^^^^^^^^^^^^
    |
    = note: `#[warn(unused_must_use)]` on by default
    = note: this `Result` may be an `Err` variant, which should be handled

warning: `snn` (bin "snn") generated 11 warnings
    Finished dev [unoptimized + debuginfo] target(s) in 1.41s
     Running `target/debug/snn`
-------------------- START -------------------
--- Creating neural network from test.json...
Creating a Neural Layer with 400 neurons.
		DONE.
--- Starting simulation...
	 Output Monitor: 0 at [0]
	 Output Monitor: 0 at [1]
	 Output Monitor: 0 at [2]
	 Output Monitor: 0 at [3]
	 Output Monitor: 0 at [4]
	 Output Monitor: 0 at [5]
	 Output Monitor: 0 at [6]
	 Output Monitor: 0 at [7]
	 Output Monitor: 0 at [8]
	 Output Monitor: 0 at [9]
	 Output Monitor: 0 at [10]
	 Output Monitor: 0 at [11]
	 Output Monitor: 0 at [12]
	 Output Monitor: 0 at [13]
	 Output Monitor: 0 at [14]
	 Output Monitor: 0 at [15]
	 Output Monitor: 0 at [16]
	 Output Monitor: 0 at [17]
	 Output Monitor: 0 at [18]
	 Output Monitor: 0 at [19]
	 Output Monitor: 0 at [20]
	 Output Monitor: 0 at [21]
	 Output Monitor: 0 at [22]
	 Output Monitor: 0 at [23]
	 Output Monitor: 0 at [24]
	 Output Monitor: 0 at [25]
	 Output Monitor: 0 at [26]
	 Output Monitor: 0 at [27]
	 Output Monitor: 0 at [28]
	 Output Monitor: 0 at [29]
	 Output Monitor: 0 at [30]
	 Output Monitor: 0 at [31]
	 Output Monitor: 0 at [32]
	 Output Monitor: 0 at [33]
	 Output Monitor: 0 at [34]
	 Output Monitor: 0 at [35]
	 Output Monitor: 0 at [36]
	 Output Monitor: 0 at [37]
	 Output Monitor: 0 at [38]
	 Output Monitor: 0 at [39]
	 Output Monitor: 0 at [40]
	 Output Monitor: 0 at [41]
	 Output Monitor: 0 at [42]
	 Output Monitor: 0 at [43]
	 Output Monitor: 0 at [44]
	 Output Monitor: 0 at [45]
	 Output Monitor: 0 at [46]
	 Output Monitor: 0 at [47]
	 Output Monitor: 0 at [48]
	 Output Monitor: 0 at [49]
	 Output Monitor: 0 at [50]
	 Output Monitor: 0 at [51]
	 Output Monitor: 0 at [52]
	 Output Monitor: 0 at [53]
	 Output Monitor: 0 at [54]
	 Output Monitor: 0 at [55]
	 Output Monitor: 0 at [56]
	 Output Monitor: 0 at [57]
	 Output Monitor: 0 at [58]
	 Output Monitor: 0 at [59]
	 Output Monitor: 0 at [60]
	 Output Monitor: 0 at [61]
	 Output Monitor: 0 at [62]
	 Output Monitor: 0 at [63]
	 Output Monitor: 0 at [64]
	 Output Monitor: 0 at [65]
	 Output Monitor: 0 at [66]
	 Output Monitor: 0 at [67]
	 Output Monitor: 0 at [68]
	 Output Monitor: 0 at [69]
	 Output Monitor: 0 at [70]
	 Output Monitor: 0 at [71]
	 Output Monitor: 0 at [72]
	 Output Monitor: 0 at [73]
	 Output Monitor: 0 at [74]
	 Output Monitor: 0 at [75]
	 Output Monitor: 0 at [76]
	 Output Monitor: 0 at [77]
	 Output Monitor: 0 at [78]
	 Output Monitor: 0 at [79]
	 Output Monitor: 0 at [80]
	 Output Monitor: 0 at [81]
	 Output Monitor: 0 at [82]
	 Output Monitor: 0 at [83]
	 Output Monitor: 0 at [84]
	 Output Monitor: 0 at [85]
	 Output Monitor: 0 at [86]
	 Output Monitor: 0 at [87]
	 Output Monitor: 0 at [88]
	 Output Monitor: 0 at [89]
	 Output Monitor: 0 at [90]
	 Output Monitor: 0 at [91]
	 Output Monitor: 0 at [92]
	 Output Monitor: 0 at [93]
	 Output Monitor: 0 at [94]
	 Output Monitor: 0 at [95]
	 Output Monitor: 0 at [96]
	 Output Monitor: 0 at [97]
	 Output Monitor: 0 at [98]
	 Output Monitor: 0 at [99]
	 Output Monitor: 0 at [100]
	 Output Monitor: 0 at [101]
	 Output Monitor: 0 at [102]
	 Output Monitor: 0 at [103]
	 Output Monitor: 0 at [104]
	 Output Monitor: 0 at [105]
	 Output Monitor: 0 at [106]
	 Output Monitor: 0 at [107]
	 Output Monitor: 0 at [108]
	 Output Monitor: 0 at [109]
	 Output Monitor: 0 at [110]
	 Output Monitor: 0 at [111]
	 Output Monitor: 0 at [112]
	 Output Monitor: 0 at [113]
	 Output Monitor: 0 at [114]
	 Output Monitor: 0 at [115]
	 Output Monitor: 0 at [116]
	 Output Monitor: 0 at [117]
	 Output Monitor: 0 at [118]
	 Output Monitor: 0 at [119]
	 Output Monitor: 0 at [120]
	 Output Monitor: 0 at [121]
	 Output Monitor: 0 at [122]
	 Output Monitor: 0 at [123]
	 Output Monitor: 0 at [124]
	 Output Monitor: 0 at [125]
	 Output Monitor: 0 at [126]
	 Output Monitor: 0 at [127]
	 Output Monitor: 0 at [128]
	 Output Monitor: 0 at [129]
	 Output Monitor: 0 at [130]
	 Output Monitor: 0 at [131]
	 Output Monitor: 0 at [132]
	 Output Monitor: 0 at [133]
	 Output Monitor: 0 at [134]
	 Output Monitor: 0 at [135]
	 Output Monitor: 0 at [136]
	 Output Monitor: 0 at [137]
	 Output Monitor: 0 at [138]
	 Output Monitor: 0 at [139]
	 Output Monitor: 0 at [140]
	 Output Monitor: 0 at [141]
	 Output Monitor: 0 at [142]
	 Output Monitor: 0 at [143]
	 Output Monitor: 0 at [144]
	 Output Monitor: 0 at [145]
	 Output Monitor: 0 at [146]
	 Output Monitor: 0 at [147]
	 Output Monitor: 0 at [148]
	 Output Monitor: 0 at [149]
	 Output Monitor: 0 at [150]
	 Output Monitor: 0 at [151]
	 Output Monitor: 0 at [152]
	 Output Monitor: 0 at [153]
	 Output Monitor: 0 at [154]
	 Output Monitor: 0 at [155]
	 Output Monitor: 0 at [156]
	 Output Monitor: 0 at [157]
	 Output Monitor: 0 at [158]
	 Output Monitor: 0 at [159]
	 Output Monitor: 0 at [160]
	 Output Monitor: 0 at [161]
	 Output Monitor: 0 at [162]
	 Output Monitor: 0 at [163]
	 Output Monitor: 0 at [164]
	 Output Monitor: 0 at [165]
	 Output Monitor: 0 at [166]
	 Output Monitor: 0 at [167]
	 Output Monitor: 0 at [168]
	 Output Monitor: 0 at [169]
	 Output Monitor: 0 at [170]
	 Output Monitor: 0 at [171]
	 Output Monitor: 0 at [172]
	 Output Monitor: 0 at [173]
	 Output Monitor: 0 at [174]
	 Output Monitor: 0 at [175]
	 Output Monitor: 0 at [176]
	 Output Monitor: 0 at [177]
	 Output Monitor: 0 at [178]
	 Output Monitor: 0 at [179]
	 Output Monitor: 0 at [180]
	 Output Monitor: 0 at [181]
	 Output Monitor: 0 at [182]
	 Output Monitor: 0 at [183]
	 Output Monitor: 0 at [184]
	 Output Monitor: 0 at [185]
	 Output Monitor: 0 at [186]
	 Output Monitor: 0 at [187]
	 Output Monitor: 0 at [188]
	 Output Monitor: 0 at [189]
	 Output Monitor: 0 at [190]
	 Output Monitor: 0 at [191]
	 Output Monitor: 0 at [192]
	 Output Monitor: 0 at [193]
	 Output Monitor: 0 at [194]
	 Output Monitor: 0 at [195]
	 Output Monitor: 0 at [196]
	 Output Monitor: 0 at [197]
	 Output Monitor: 0 at [198]
	 Output Monitor: 0 at [199]
	 Output Monitor: 0 at [200]
	 Output Monitor: 0 at [201]
	 Output Monitor: 0 at [202]
	 Output Monitor: 0 at [203]
	 Output Monitor: 0 at [204]
	 Output Monitor: 0 at [205]
	 Output Monitor: 0 at [206]
	 Output Monitor: 0 at [207]
	 Output Monitor: 0 at [208]
	 Output Monitor: 0 at [209]
	 Output Monitor: 0 at [210]
	 Output Monitor: 0 at [211]
	 Output Monitor: 0 at [212]
	 Output Monitor: 0 at [213]
	 Output Monitor: 0 at [214]
	 Output Monitor: 0 at [215]
	 Output Monitor: 0 at [216]
	 Output Monitor: 0 at [217]
	 Output Monitor: 0 at [218]
	 Output Monitor: 0 at [219]
	 Output Monitor: 0 at [220]
	 Output Monitor: 0 at [221]
	 Output Monitor: 0 at [222]
	 Output Monitor: 0 at [223]
	 Output Monitor: 0 at [224]
	 Output Monitor: 0 at [225]
	 Output Monitor: 0 at [226]
	 Output Monitor: 0 at [227]
	 Output Monitor: 0 at [228]
	 Output Monitor: 0 at [229]
	 Output Monitor: 0 at [230]
	 Output Monitor: 0 at [231]
	 Output Monitor: 0 at [232]
	 Output Monitor: 0 at [233]
	 Output Monitor: 0 at [234]
	 Output Monitor: 0 at [235]
	 Output Monitor: 0 at [236]
	 Output Monitor: 0 at [237]
	 Output Monitor: 0 at [238]
	 Output Monitor: 0 at [239]
	 Output Monitor: 0 at [240]
	 Output Monitor: 0 at [241]
	 Output Monitor: 0 at [242]
	 Output Monitor: 0 at [243]
	 Output Monitor: 0 at [244]
	 Output Monitor: 0 at [245]
	 Output Monitor: 0 at [246]
	 Output Monitor: 0 at [247]
	 Output Monitor: 0 at [248]
	 Output Monitor: 0 at [249]
	 Output Monitor: 0 at [250]
	 Output Monitor: 0 at [251]
	 Output Monitor: 0 at [252]
	 Output Monitor: 0 at [253]
	 Output Monitor: 0 at [254]
	 Output Monitor: 0 at [255]
	 Output Monitor: 0 at [256]
	 Output Monitor: 0 at [257]
	 Output Monitor: 0 at [258]
	 Output Monitor: 0 at [259]
	 Output Monitor: 0 at [260]
	 Output Monitor: 0 at [261]
	 Output Monitor: 0 at [262]
	 Output Monitor: 0 at [263]
	 Output Monitor: 0 at [264]
	 Output Monitor: 0 at [265]
	 Output Monitor: 0 at [266]
	 Output Monitor: 0 at [267]
	 Output Monitor: 0 at [268]
	 Output Monitor: 0 at [269]
	 Output Monitor: 0 at [270]
	 Output Monitor: 0 at [271]
	 Output Monitor: 0 at [272]
